[debug] [2022-02-10T12:28:46.595Z] ----------------------------------------------------------------------
[debug] [2022-02-10T12:28:46.597Z] Command:       C:\Program Files\nodejs\node.exe C:\Users\olugb\AppData\Roaming\npm\node_modules\firebase-tools\lib\bin\firebase.js deploy
[debug] [2022-02-10T12:28:46.597Z] CLI Version:   9.23.3
[debug] [2022-02-10T12:28:46.597Z] Platform:      win32
[debug] [2022-02-10T12:28:46.597Z] Node Version:  v14.15.5
[debug] [2022-02-10T12:28:46.600Z] Time:          Thu Feb 10 2022 13:28:46 GMT+0100 (West Africa Standard Time)
[debug] [2022-02-10T12:28:46.600Z] ----------------------------------------------------------------------
[debug] 
[debug] [2022-02-10T12:28:46.603Z] >>> [apiv2][query] GET https://firebase-public.firebaseio.com/cli.json [none]
[debug] [2022-02-10T12:28:46.659Z] > command requires scopes: ["email","openid","https://www.googleapis.com/auth/cloudplatformprojects.readonly","https://www.googleapis.com/auth/firebase","https://www.googleapis.com/auth/cloud-platform"]
[debug] [2022-02-10T12:28:46.659Z] > authorizing via signed-in user (olugbodidaniel@gmail.com)
[debug] [2022-02-10T12:28:46.659Z] [iam] checking project anthony-321416 for permissions ["firebase.projects.get","firebasehosting.sites.update"]
[debug] [2022-02-10T12:28:46.661Z] > refreshing access token with scopes: ["email","https://www.googleapis.com/auth/cloud-platform","https://www.googleapis.com/auth/cloudplatformprojects.readonly","https://www.googleapis.com/auth/firebase","openid"]
[debug] [2022-02-10T12:28:46.661Z] >>> HTTP REQUEST POST https://www.googleapis.com/oauth2/v3/token  
 <request body omitted>
[debug] [2022-02-10T12:28:57.950Z] [iam] error while checking permissions, command may fail: FirebaseError: Authentication Error: Your credentials are no longer valid. Please run firebase login --reauth

For CI servers and headless environments, generate a new token with firebase login:ci
[debug] [2022-02-10T12:28:57.950Z] > refreshing access token with scopes: []
[debug] [2022-02-10T12:28:57.951Z] >>> HTTP REQUEST POST https://www.googleapis.com/oauth2/v3/token  
 <request body omitted>
[debug] [2022-02-10T12:29:09.243Z] Authentication Error: Your credentials are no longer valid. Please run firebase login --reauth

For CI servers and headless environments, generate a new token with firebase login:ci
[debug] [2022-02-10T12:29:09.244Z] FirebaseError: Authentication Error: Your credentials are no longer valid. Please run firebase login --reauth

For CI servers and headless environments, generate a new token with firebase login:ci
    at invalidCredentialError (C:\Users\olugb\AppData\Roaming\npm\node_modules\firebase-tools\lib\auth.js:141:12)
    at refreshTokens (C:\Users\olugb\AppData\Roaming\npm\node_modules\firebase-tools\lib\auth.js:448:15)
    at processTicksAndRejections (internal/process/task_queues.js:93:5)
    at async Client.getAccessToken (C:\Users\olugb\AppData\Roaming\npm\node_modules\firebase-tools\lib\apiv2.js:146:23)
    at async Client.addAuthHeader (C:\Users\olugb\AppData\Roaming\npm\node_modules\firebase-tools\lib\apiv2.js:137:21)
    at async Client.request (C:\Users\olugb\AppData\Roaming\npm\node_modules\firebase-tools\lib\apiv2.js:93:34)
    at async Object.getFirebaseProject (C:\Users\olugb\AppData\Roaming\npm\node_modules\firebase-tools\lib\management\projects.js:290:21)
    at async Object.getDefaultHostingSite (C:\Users\olugb\AppData\Roaming\npm\node_modules\firebase-tools\lib\getDefaultHostingSite.js:8:21)
    at async requireHostingSite (C:\Users\olugb\AppData\Roaming\npm\node_modules\firebase-tools\lib\requireHostingSite.js:9:18)
    at async Object.fn (C:\Users\olugb\AppData\Roaming\npm\node_modules\firebase-tools\lib\commands\deploy.js:73:9)
    at async C:\Users\olugb\AppData\Roaming\npm\node_modules\firebase-tools\lib\command.js:188:17
[error] 
[error] Error: Failed to get Firebase project anthony-321416. Please make sure the project exists and your account has permission to access it.
[debug] [2022-02-10T12:29:27.466Z] ----------------------------------------------------------------------
[debug] [2022-02-10T12:29:27.468Z] Command:       C:\Program Files\nodejs\node.exe C:\Users\olugb\AppData\Roaming\npm\node_modules\firebase-tools\lib\bin\firebase.js deploy
[debug] [2022-02-10T12:29:27.468Z] CLI Version:   9.23.3
[debug] [2022-02-10T12:29:27.468Z] Platform:      win32
[debug] [2022-02-10T12:29:27.468Z] Node Version:  v14.15.5
[debug] [2022-02-10T12:29:27.469Z] Time:          Thu Feb 10 2022 13:29:27 GMT+0100 (West Africa Standard Time)
[debug] [2022-02-10T12:29:27.469Z] ----------------------------------------------------------------------
[debug] 
[debug] [2022-02-10T12:29:27.471Z] >>> [apiv2][query] GET https://firebase-public.firebaseio.com/cli.json [none]
[debug] [2022-02-10T12:29:27.522Z] > command requires scopes: ["email","openid","https://www.googleapis.com/auth/cloudplatformprojects.readonly","https://www.googleapis.com/auth/firebase","https://www.googleapis.com/auth/cloud-platform"]
[debug] [2022-02-10T12:29:27.523Z] > authorizing via signed-in user (olugbodidaniel@gmail.com)
[debug] [2022-02-10T12:29:27.523Z] [iam] checking project anthony-321416 for permissions ["firebase.projects.get","firebasehosting.sites.update"]
[debug] [2022-02-10T12:29:27.524Z] > refreshing access token with scopes: ["email","https://www.googleapis.com/auth/cloud-platform","https://www.googleapis.com/auth/cloudplatformprojects.readonly","https://www.googleapis.com/auth/firebase","openid"]
[debug] [2022-02-10T12:29:27.524Z] >>> HTTP REQUEST POST https://www.googleapis.com/oauth2/v3/token  
 <request body omitted>
[debug] [2022-02-10T12:29:27.532Z] [iam] error while checking permissions, command may fail: FirebaseError: Authentication Error: Your credentials are no longer valid. Please run firebase login --reauth

For CI servers and headless environments, generate a new token with firebase login:ci
[debug] [2022-02-10T12:29:27.532Z] > refreshing access token with scopes: []
[debug] [2022-02-10T12:29:27.533Z] >>> HTTP REQUEST POST https://www.googleapis.com/oauth2/v3/token  
 <request body omitted>
[debug] [2022-02-10T12:29:27.534Z] Authentication Error: Your credentials are no longer valid. Please run firebase login --reauth

For CI servers and headless environments, generate a new token with firebase login:ci
[debug] [2022-02-10T12:29:27.535Z] FirebaseError: Authentication Error: Your credentials are no longer valid. Please run firebase login --reauth

For CI servers and headless environments, generate a new token with firebase login:ci
    at invalidCredentialError (C:\Users\olugb\AppData\Roaming\npm\node_modules\firebase-tools\lib\auth.js:141:12)
    at refreshTokens (C:\Users\olugb\AppData\Roaming\npm\node_modules\firebase-tools\lib\auth.js:448:15)
    at processTicksAndRejections (internal/process/task_queues.js:93:5)
    at async Client.getAccessToken (C:\Users\olugb\AppData\Roaming\npm\node_modules\firebase-tools\lib\apiv2.js:146:23)
    at async Client.addAuthHeader (C:\Users\olugb\AppData\Roaming\npm\node_modules\firebase-tools\lib\apiv2.js:137:21)
    at async Client.request (C:\Users\olugb\AppData\Roaming\npm\node_modules\firebase-tools\lib\apiv2.js:93:34)
    at async Object.getFirebaseProject (C:\Users\olugb\AppData\Roaming\npm\node_modules\firebase-tools\lib\management\projects.js:290:21)
    at async Object.getDefaultHostingSite (C:\Users\olugb\AppData\Roaming\npm\node_modules\firebase-tools\lib\getDefaultHostingSite.js:8:21)
    at async requireHostingSite (C:\Users\olugb\AppData\Roaming\npm\node_modules\firebase-tools\lib\requireHostingSite.js:9:18)
    at async Object.fn (C:\Users\olugb\AppData\Roaming\npm\node_modules\firebase-tools\lib\commands\deploy.js:73:9)
    at async C:\Users\olugb\AppData\Roaming\npm\node_modules\firebase-tools\lib\command.js:188:17
[error] 
[error] Error: Failed to get Firebase project anthony-321416. Please make sure the project exists and your account has permission to access it.
